<?xml version="1.0" encoding="UTF-8"?>
<testng-results ignored="0" total="0" passed="0" failed="0" skipped="0">
  <reporter-output>
  </reporter-output>
  <suite started-at="2021-07-01T10:35:51 BST" name="Suite" finished-at="2021-07-01T10:35:51 BST" duration-ms="326">
    <groups>
      <group name="cucumber">
        <method signature="AbstractTestNGCucumberTests.runScenario(io.cucumber.testng.PickleWrapper,io.cucumber.testng.FeatureWrapper)[pri:0, instance:cucumberOptions.TestRunner@53ce1329]" name="runScenario" class="io.cucumber.testng.AbstractTestNGCucumberTests"/>
      </group> <!-- cucumber -->
    </groups>
    <test started-at="2021-07-01T10:35:51 BST" name="Validating the User Logins" finished-at="2021-07-01T10:35:51 BST" duration-ms="326">
      <class name="cucumberOptions.TestRunner">
        <test-method is-config="true" signature="setUpClass()[pri:0, instance:cucumberOptions.TestRunner@53ce1329]" started-at="2021-07-01T10:35:51 BST" name="setUpClass" finished-at="2021-07-01T10:35:51 BST" duration-ms="279" status="PASS">
          <reporter-output>
          </reporter-output>
        </test-method> <!-- setUpClass -->
        <test-method is-config="true" signature="tearDownClass()[pri:0, instance:cucumberOptions.TestRunner@53ce1329]" started-at="2021-07-01T10:35:51 BST" name="tearDownClass" finished-at="2021-07-01T10:35:51 BST" duration-ms="13" status="PASS">
          <reporter-output>
          </reporter-output>
        </test-method> <!-- tearDownClass -->
      </class> <!-- cucumberOptions.TestRunner -->
    </test> <!-- Validating the User Logins -->
  </suite> <!-- Suite -->
</testng-results>
