<?xml version="1.0" encoding="UTF-8"?>
<testng-results ignored="5" total="11" passed="6" failed="0" skipped="0">
  <reporter-output>
  </reporter-output>
  <suite started-at="2021-07-01T09:17:11 BST" name="MySuite" finished-at="2021-07-01T09:17:11 BST" duration-ms="64">
    <groups>
      <group name="core">
        <method signature="French.FarewellFre()[pri:0, instance:test.French@5562c41e]" name="FarewellFre" class="test.French"/>
        <method signature="Spanish.GreetingSpa()[pri:0, instance:test.Spanish@383bfa16]" name="GreetingSpa" class="test.Spanish"/>
        <method signature="Spanish.Login(java.lang.String,java.lang.String)[pri:0, instance:test.Spanish@383bfa16]" name="Login" class="test.Spanish"/>
        <method signature="Spanish.QuestionSpa()[pri:0, instance:test.Spanish@383bfa16]" name="QuestionSpa" class="test.Spanish"/>
      </group> <!-- core -->
    </groups>
    <test started-at="2021-07-01T09:17:11 BST" name="Regression" finished-at="2021-07-01T09:17:11 BST" duration-ms="64">
      <class name="test.Spanish">
        <test-method signature="GreetingSpa()[pri:0, instance:test.Spanish@383bfa16]" started-at="2021-07-01T09:17:11 BST" name="GreetingSpa" finished-at="2021-07-01T09:17:11 BST" duration-ms="4" status="PASS">
          <reporter-output>
          </reporter-output>
        </test-method> <!-- GreetingSpa -->
        <test-method signature="Login(java.lang.String,java.lang.String)[pri:0, instance:test.Spanish@383bfa16]" started-at="2021-07-01T09:17:11 BST" name="Login" data-provider="getData" finished-at="2021-07-01T09:17:11 BST" duration-ms="1" status="PASS">
          <params>
            <param index="0">
              <value>
                <![CDATA[stephen.mcnicholas]]>
              </value>
            </param>
            <param index="1">
              <value>
                <![CDATA[password01]]>
              </value>
            </param>
          </params>
          <reporter-output>
          </reporter-output>
        </test-method> <!-- Login -->
        <test-method signature="Login(java.lang.String,java.lang.String)[pri:0, instance:test.Spanish@383bfa16]" started-at="2021-07-01T09:17:11 BST" name="Login" data-provider="getData" finished-at="2021-07-01T09:17:11 BST" duration-ms="1" status="PASS">
          <params>
            <param index="0">
              <value>
                <![CDATA[finnbar.mcnicholas]]>
              </value>
            </param>
            <param index="1">
              <value>
                <![CDATA[password02]]>
              </value>
            </param>
          </params>
          <reporter-output>
          </reporter-output>
        </test-method> <!-- Login -->
        <test-method signature="Login(java.lang.String,java.lang.String)[pri:0, instance:test.Spanish@383bfa16]" started-at="2021-07-01T09:17:11 BST" name="Login" data-provider="getData" finished-at="2021-07-01T09:17:11 BST" duration-ms="1" status="PASS">
          <params>
            <param index="0">
              <value>
                <![CDATA[clara.mcnicholas]]>
              </value>
            </param>
            <param index="1">
              <value>
                <![CDATA[password03]]>
              </value>
            </param>
          </params>
          <reporter-output>
          </reporter-output>
        </test-method> <!-- Login -->
        <test-method signature="QuestionSpa()[pri:0, instance:test.Spanish@383bfa16]" started-at="2021-07-01T09:17:11 BST" name="QuestionSpa" finished-at="2021-07-01T09:17:11 BST" duration-ms="1" status="PASS">
          <reporter-output>
          </reporter-output>
        </test-method> <!-- QuestionSpa -->
      </class> <!-- test.Spanish -->
      <class name="test.German">
        <test-method is-config="true" signature="Introduction()[pri:0, instance:test.German@71def8f8]" started-at="2021-07-01T09:17:11 BST" name="Introduction" finished-at="2021-07-01T09:17:11 BST" duration-ms="8" status="PASS">
          <reporter-output>
          </reporter-output>
        </test-method> <!-- Introduction -->
      </class> <!-- test.German -->
      <class name="test.French">
        <test-method signature="FarewellFre()[pri:0, instance:test.French@5562c41e]" started-at="2021-07-01T09:17:11 BST" name="FarewellFre" finished-at="2021-07-01T09:17:11 BST" duration-ms="2" status="PASS">
          <reporter-output>
          </reporter-output>
        </test-method> <!-- FarewellFre -->
      </class> <!-- test.French -->
    </test> <!-- Regression -->
  </suite> <!-- MySuite -->
</testng-results>
