<?xml version="1.0" encoding="UTF-8"?>
<!-- Generated by org.testng.reporters.JUnitXMLReporter -->
<testsuite ignored="0" hostname="CPX-OLCDC79TE4V" failures="0" tests="2" name="Validating the User Logins" time="14.522" errors="0" timestamp="2021-07-01T15:17:18 BST">
  <testcase classname="Automation.E2EProjectTwo.HomePage" name="validateUserLogins" time="8.195"/>
  <testcase classname="Automation.E2EProjectTwo.HomePage" name="validateUserLogins" time="2.455"/>
</testsuite> <!-- Validating the User Logins -->
