-------------------------------------------------------------------------------
Test set: TestSuite
-------------------------------------------------------------------------------
Tests run: 5, Failures: 1, Errors: 0, Skipped: 0, Time elapsed: 16.45 s <<< FAILURE! - in TestSuite
validatePageText(Automation.E2EProjectTwo.ValidateTitle)  Time elapsed: 0.172 s  <<< FAILURE!
java.lang.AssertionError: expected [true] but found [false]
	at Automation.E2EProjectTwo.ValidateTitle.validatePageText(ValidateTitle.java:31)

