<?xml version="1.0" encoding="UTF-8"?>
<testsuite xmlns:xsi="http://www.w3.org/2001/XMLSchema-instance" xsi:noNamespaceSchemaLocation="https://maven.apache.org/surefire/maven-surefire-plugin/xsd/surefire-test-report.xsd" name="TestSuite" time="16.45" tests="5" errors="0" skipped="0" failures="1">
  <properties>
[...]
</properties>
  <testcase name="validateNavigationBar" classname="Automation.E2EProjectTwo.ValidateNavBar" time="0.164"/>
  <testcase name="validateHeader" classname="Automation.E2EProjectTwo.ValidateTitle" time="0.088"/>
  <testcase name="validatePageText" classname="Automation.E2EProjectTwo.ValidateTitle" time="0.172">
    <failure message="expected [true] but found [false]" type="java.lang.AssertionError">java.lang.AssertionError: expected [true] but found [false]
	at Automation.E2EProjectTwo.ValidateTitle.validatePageText(ValidateTitle.java:31)
</failure>
  </testcase>
  <testcase name="validateUserLogins" classname="Automation.E2EProjectTwo.HomePage" time="2.278"/>
  <testcase name="validateUserLogins" classname="Automation.E2EProjectTwo.HomePage" time="2.455"/>
</testsuite>