<?xml version="1.0" encoding="UTF-8"?>
<testng-results ignored="0" total="1" passed="1" failed="0" skipped="0">
  <reporter-output>
  </reporter-output>
  <suite started-at="2021-06-22T17:03:53 BST" name="Default suite" finished-at="2021-06-22T17:04:03 BST" duration-ms="9788">
    <groups>
    </groups>
    <test started-at="2021-06-22T17:03:53 BST" name="Default test" finished-at="2021-06-22T17:04:03 BST" duration-ms="9788">
      <class name="TestCases.LoginApplication">
        <test-method signature="Login()[pri:0, instance:TestCases.LoginApplication@34f7cfd9]" started-at="2021-06-22T17:03:53 BST" name="Login" finished-at="2021-06-22T17:04:03 BST" duration-ms="9738" status="PASS">
          <reporter-output>
          </reporter-output>
        </test-method> <!-- Login -->
      </class> <!-- TestCases.LoginApplication -->
    </test> <!-- Default test -->
  </suite> <!-- Default suite -->
</testng-results>
