<?xml version="1.0" encoding="UTF-8"?>
<!-- Generated by org.testng.reporters.JUnitXMLReporter -->
<testsuite ignored="0" hostname="CPX-OLCDC79TE4V" failures="0" tests="4" name="Test" time="28.054" errors="0" timestamp="2021-06-25T13:17:16 BST">
  <testcase classname="Academy.ValidateNavigationBar" name="homepageNavigation" time="0.128"/>
  <testcase classname="Academy.ValidateTitle" name="homepageNavigation" time="0.072"/>
  <testcase classname="Academy.HomePage" name="homepageNavigation" time="6.466"/>
  <testcase classname="Academy.HomePage" name="homepageNavigation" time="3.176"/>
</testsuite> <!-- Test -->
