<?xml version="1.0" encoding="UTF-8"?>
<!-- Generated by org.testng.reporters.JUnitXMLReporter -->
<testsuite ignored="0" hostname="CPX-OLCDC79TE4V" failures="0" tests="8" name="AllTestsInPackageExample" time="0.091" errors="0" timestamp="2021-06-16T14:23:12 BST">
  <testcase classname="test.English" name="FarewellEng" time="0.011"/>
  <testcase classname="test.English" name="GreetingEng" time="0.001"/>
  <testcase classname="test.French" name="FarewellFre" time="0.002"/>
  <testcase classname="test.French" name="GreetingFre" time="0.002"/>
  <testcase classname="test.German" name="GreetingGer" time="0.001"/>
  <testcase classname="test.German" name="QuestionGer" time="0.002"/>
  <testcase classname="test.Spanish" name="GreetingSpa" time="0.002"/>
  <testcase classname="test.Spanish" name="QuestionSpa" time="0.001"/>
</testsuite> <!-- AllTestsInPackageExample -->
