<?xml version="1.0" encoding="UTF-8"?>
<!-- Generated by org.testng.reporters.JUnitXMLReporter -->
<testsuite ignored="0" hostname="CPX-OLCDC79TE4V" failures="1" tests="4" name="GermanicLanguages" time="0.084" errors="0" timestamp="2021-06-16T17:33:41 BST">
  <testcase classname="test.English" name="GreetingEng" time="0.006"/>
  <testcase classname="test.English" name="ParamOverrideTest" time="0.001"/>
  <testcase classname="test.German" name="GreetingGer" time="0.009">
    <failure type="java.lang.AssertionError" message="expected [true] but found [false]">
      <![CDATA[java.lang.AssertionError: expected [true] but found [false]
at test.German.GreetingGer(German.java:13)
at java.base/java.util.concurrent.FutureTask.run(FutureTask.java:264)
at java.base/java.util.concurrent.ThreadPoolExecutor.runWorker(ThreadPoolExecutor.java:1130)
at java.base/java.util.concurrent.ThreadPoolExecutor$Worker.run(ThreadPoolExecutor.java:630)
at java.base/java.lang.Thread.run(Thread.java:832)
... Removed 12 stack frames]]>
    </failure>
  </testcase> <!-- GreetingGer -->
  <testcase classname="test.German" name="QuestionGer" time="0.0">
    <skipped/>
  </testcase> <!-- QuestionGer -->
</testsuite> <!-- GermanicLanguages -->
