<?xml version="1.0" encoding="UTF-8"?>
<!-- Generated by org.testng.reporters.JUnitXMLReporter -->
<testsuite ignored="0" hostname="CPX-OLCDC79TE4V" failures="0" tests="6" name="MyTest" time="0.08" errors="0" timestamp="2021-06-16T14:00:32 BST">
  <testcase classname="test.DayOne" name="FirstTest" time="0.01"/>
  <testcase classname="test.DayOne" name="SecondTest" time="0.002"/>
  <testcase classname="test.DayTwo" name="EigthTest" time="0.002"/>
  <testcase classname="test.DayTwo" name="ThirdTest" time="0.001"/>
  <testcase classname="test.DayThree" name="FifthTest" time="0.002"/>
  <testcase classname="test.DayThree" name="FourthTest" time="0.002"/>
</testsuite> <!-- MyTest -->
