<?xml version="1.0" encoding="UTF-8"?>
<!-- Generated by org.testng.reporters.JUnitXMLReporter -->
<testsuite ignored="5" hostname="CPX-OLCDC79TE4V" failures="0" tests="6" name="Regression" time="0.064" errors="0" timestamp="2021-07-01T09:17:11 BST">
  <testcase classname="test.Spanish" name="GreetingSpa" time="0.004"/>
  <testcase classname="test.Spanish" name="Login" time="0.001"/>
  <testcase classname="test.Spanish" name="Login" time="0.001"/>
  <testcase classname="test.Spanish" name="Login" time="0.001"/>
  <testcase classname="test.Spanish" name="QuestionSpa" time="0.001"/>
  <testcase classname="test.French" name="FarewellFre" time="0.002"/>
  <testcase classname="test.German" name="GreetingGer" time="0.0">
    <ignored/>
  </testcase> <!-- GreetingGer -->
  <testcase classname="test.German" name="QuestionGer" time="0.0">
    <ignored/>
  </testcase> <!-- QuestionGer -->
  <testcase classname="test.English" name="GreetingEng" time="0.0">
    <ignored/>
  </testcase> <!-- GreetingEng -->
  <testcase classname="test.English" name="ParamOverrideTest" time="0.0">
    <ignored/>
  </testcase> <!-- ParamOverrideTest -->
  <testcase classname="test.French" name="QuestionFre" time="0.0">
    <ignored/>
  </testcase> <!-- QuestionFre -->
</testsuite> <!-- Regression -->
