<?xml version="1.0" encoding="UTF-8"?>
<!-- Generated by org.testng.reporters.JUnitXMLReporter -->
<testsuite ignored="0" hostname="CPX-OLCDC79TE4V" failures="0" tests="7" name="RomanceLanguages" time="0.082" errors="0" timestamp="2021-06-16T17:33:41 BST">
  <testcase classname="test.Spanish" name="GreetingSpa" time="0.006"/>
  <testcase classname="test.Spanish" name="Login" time="0.001"/>
  <testcase classname="test.Spanish" name="Login" time="0.002"/>
  <testcase classname="test.Spanish" name="Login" time="0.001"/>
  <testcase classname="test.Spanish" name="QuestionSpa" time="0.002"/>
  <testcase classname="test.French" name="FarewellFre" time="0.001"/>
  <testcase classname="test.French" name="QuestionFre" time="0.003"/>
</testsuite> <!-- RomanceLanguages -->
