<?xml version="1.0" encoding="UTF-8"?>
<!-- Generated by org.testng.reporters.JUnitXMLReporter -->
<testsuite ignored="0" hostname="CPX-OLCDC79TE4V" failures="0" tests="2" name="Validating the User Logins" time="0.072" errors="0" timestamp="2021-07-01T14:48:36 BST">
  <testcase classname="Automation.E2EProjectTwo.HomePage" name="@BeforeTest initialise" time="0.008">
    <failure type="java.lang.NullPointerException" message="Cannot invoke &amp;quot;String.contains(java.lang.CharSequence)&amp;quot; because &amp;quot;browser&amp;quot; is null">
      <![CDATA[java.lang.NullPointerException: Cannot invoke "String.contains(java.lang.CharSequence)" because "browser" is null
at resources.Base.initialiseDriver(Base.java:32)
at Automation.E2EProjectTwo.HomePage.initialise(HomePage.java:27)
at java.base/java.util.concurrent.FutureTask.run(FutureTask.java:264)
at java.base/java.util.concurrent.ThreadPoolExecutor.runWorker(ThreadPoolExecutor.java:1130)
at java.base/java.util.concurrent.ThreadPoolExecutor$Worker.run(ThreadPoolExecutor.java:630)
at java.base/java.lang.Thread.run(Thread.java:832)
... Removed 15 stack frames]]>
    </failure>
  </testcase> <!-- @BeforeTest initialise -->
  <testcase classname="Automation.E2EProjectTwo.HomePage" name="@AfterTest teardown" time="-1.62514731603E9">
    <skipped/>
  </testcase> <!-- @AfterTest teardown -->
  <testcase classname="Automation.E2EProjectTwo.HomePage" name="validateUserLogins" time="0.0">
    <skipped/>
  </testcase> <!-- validateUserLogins -->
  <testcase classname="Automation.E2EProjectTwo.HomePage" name="validateUserLogins" time="0.0">
    <skipped/>
  </testcase> <!-- validateUserLogins -->
</testsuite> <!-- Validating the User Logins -->
