<?xml version="1.0" encoding="UTF-8"?>
<!-- Generated by org.testng.reporters.JUnitXMLReporter -->
<testsuite ignored="0" hostname="CPX-OLCDC79TE4V" failures="0" tests="6" name="Test" time="0.098" errors="0" timestamp="2021-06-18T14:53:16 BST">
  <testcase classname="qaclickacademy.AppiumTest" name="AndroidTest" time="0.01"/>
  <testcase classname="qaclickacademy.AppiumTest" name="IOSTest" time="0.0"/>
  <testcase classname="qaclickacademy.SeleniumTest" name="BrowserAutomation" time="0.0"/>
  <testcase classname="qaclickacademy.SeleniumTest" name="UIelementAutomation" time="0.001"/>
  <testcase classname="qaclickacademy.RestAPITest" name="DeleteTwitter" time="0.0"/>
  <testcase classname="qaclickacademy.RestAPITest" name="PostJira" time="0.0"/>
</testsuite> <!-- Test -->
