<?xml version="1.0" encoding="UTF-8"?>
<testng-results ignored="0" total="1" passed="1" failed="0" skipped="0">
  <reporter-output>
  </reporter-output>
  <suite started-at="2021-06-25T18:14:33 BST" name="Default suite" finished-at="2021-06-25T18:14:41 BST" duration-ms="7458">
    <groups>
    </groups>
    <test started-at="2021-06-25T18:14:33 BST" name="Default test" finished-at="2021-06-25T18:14:41 BST" duration-ms="7458">
      <class name="rahulshettyacademy.ExtentReportDemo">
        <test-method is-config="true" signature="config()[pri:0, instance:rahulshettyacademy.ExtentReportDemo@4a003cbe]" started-at="2021-06-25T18:14:33 BST" name="config" finished-at="2021-06-25T18:14:34 BST" duration-ms="253" status="PASS">
          <reporter-output>
          </reporter-output>
        </test-method> <!-- config -->
        <test-method signature="initialDemo()[pri:0, instance:rahulshettyacademy.ExtentReportDemo@4a003cbe]" started-at="2021-06-25T18:14:34 BST" name="initialDemo" finished-at="2021-06-25T18:14:41 BST" duration-ms="7151" status="PASS">
          <reporter-output>
          </reporter-output>
        </test-method> <!-- initialDemo -->
      </class> <!-- rahulshettyacademy.ExtentReportDemo -->
    </test> <!-- Default test -->
  </suite> <!-- Default suite -->
</testng-results>
