<?xml version="1.0" encoding="UTF-8"?>
<!-- Generated by org.testng.reporters.JUnitXMLReporter -->
<testsuite ignored="0" hostname="CPX-OLCDC79TE4V" failures="0" tests="4" name="Test" time="37.737" errors="0" timestamp="2021-06-25T15:45:49 BST">
  <testcase classname="Academy.ValidateNavigationBar" name="homepageNavigation" time="0.297"/>
  <testcase classname="Academy.ValidateTitle" name="homepageNavigation" time="0.282"/>
  <testcase classname="Academy.HomePage" name="homepageNavigation" time="9.153"/>
  <testcase classname="Academy.HomePage" name="homepageNavigation" time="5.197"/>
</testsuite> <!-- Test -->
