<?xml version="1.0" encoding="UTF-8"?>
<testng-results ignored="0" total="4" passed="4" failed="0" skipped="0">
  <reporter-output>
  </reporter-output>
  <suite started-at="2021-07-01T09:49:23 BST" name="Suite" finished-at="2021-07-01T09:49:23 BST" duration-ms="56">
    <groups>
    </groups>
    <test started-at="2021-07-01T09:49:23 BST" name="Test" finished-at="2021-07-01T09:49:23 BST" duration-ms="56">
      <class name="qaclickacademy.RestAPITest">
        <test-method signature="DeleteTwitter()[pri:0, instance:qaclickacademy.RestAPITest@3bf9ce3e]" started-at="2021-07-01T09:49:23 BST" name="DeleteTwitter" finished-at="2021-07-01T09:49:23 BST" duration-ms="1" status="PASS">
          <reporter-output>
          </reporter-output>
        </test-method> <!-- DeleteTwitter -->
        <test-method signature="PostJira()[pri:0, instance:qaclickacademy.RestAPITest@3bf9ce3e]" started-at="2021-07-01T09:49:23 BST" name="PostJira" finished-at="2021-07-01T09:49:23 BST" duration-ms="0" status="PASS">
          <reporter-output>
          </reporter-output>
        </test-method> <!-- PostJira -->
      </class> <!-- qaclickacademy.RestAPITest -->
      <class name="qaclickacademy.SeleniumTest">
        <test-method signature="BrowserAutomation()[pri:0, instance:qaclickacademy.SeleniumTest@6f46426d]" started-at="2021-07-01T09:49:23 BST" name="BrowserAutomation" finished-at="2021-07-01T09:49:23 BST" duration-ms="8" status="PASS">
          <reporter-output>
          </reporter-output>
        </test-method> <!-- BrowserAutomation -->
        <test-method signature="UIelementAutomation()[pri:0, instance:qaclickacademy.SeleniumTest@6f46426d]" started-at="2021-07-01T09:49:23 BST" name="UIelementAutomation" finished-at="2021-07-01T09:49:23 BST" duration-ms="2" status="PASS">
          <reporter-output>
          </reporter-output>
        </test-method> <!-- UIelementAutomation -->
      </class> <!-- qaclickacademy.SeleniumTest -->
    </test> <!-- Test -->
  </suite> <!-- Suite -->
</testng-results>
