<?xml version="1.0" encoding="UTF-8"?>
<!-- Generated by org.testng.reporters.JUnitXMLReporter -->
<testsuite ignored="0" hostname="CPX-OLCDC79TE4V" failures="0" tests="4" name="Test" time="0.056" errors="0" timestamp="2021-07-01T09:49:23 BST">
  <testcase classname="qaclickacademy.SeleniumTest" name="BrowserAutomation" time="0.008"/>
  <testcase classname="qaclickacademy.SeleniumTest" name="UIelementAutomation" time="0.002"/>
  <testcase classname="qaclickacademy.RestAPITest" name="DeleteTwitter" time="0.001"/>
  <testcase classname="qaclickacademy.RestAPITest" name="PostJira" time="0.0"/>
</testsuite> <!-- Test -->
